Log file open, 02/14/18 19:39:23
LogWindows: Failed to load 'aqProf.dll' (GetLastError=126)
LogWindows: File 'aqProf.dll' does not exist
LogWindows: Failed to load 'VtuneApi.dll' (GetLastError=126)
LogWindows: File 'VtuneApi.dll' does not exist
LogWindows: Failed to load 'VtuneApi32e.dll' (GetLastError=126)
LogWindows: File 'VtuneApi32e.dll' does not exist
LogInit: Display: Running engine for game: MultaGames
LogPlatformFile: Not using cached read wrapper
LogInit: Display: RandInit(-2075628204) SRandInit(-2075628204).
LogInit: Read version file with build ID '3709383'
LogInit: Overriding engine version to CL 3832480, compatible CL 3709383
LogInit: Registered custom module enumerator with build ID '3709383'
LogTaskGraph: Started task graph with 5 named threads and 14 total threads with 3 sets of task threads.
LogStats: Stats thread started at 0.166069
LogD3D11RHI: Aftermath initialized
LogModuleManager: Display: Found up-to-date module file ../../../Engine/Plugins/2D/Paper2D/Binaries/Win64/UE4Editor-Paper2D.dll (API version 3709383).
LogModuleManager: Display: Found up-to-date module file ../../../Engine/Plugins/2D/Paper2D/Binaries/Win64/UE4Editor-Paper2DEditor.dll (API version 3709383).
LogModuleManager: Display: Found up-to-date module file ../../../Engine/Plugins/2D/Paper2D/Binaries/Win64/UE4Editor-PaperSpriteSheetImporter.dll (API version 3709383).
LogModuleManager: Display: Found up-to-date module file ../../../Engine/Plugins/2D/Paper2D/Binaries/Win64/UE4Editor-PaperTiledImporter.dll (API version 3709383).
LogModuleManager: Display: Found up-to-date module file ../../../Engine/Plugins/2D/Paper2D/Binaries/Win64/UE4Editor-SmartSnapping.dll (API version 3709383).
LogModuleManager: Display: Found up-to-date module file ../../../Engine/Plugins/Blendables/LightPropagationVolume/Binaries/Win64/UE4Editor-LightPropagationVolumeRuntime.dll (API version 3709383).
LogModuleManager: Display: Found up-to-date module file ../../../Engine/Plugins/Blendables/LightPropagationVolume/Binaries/Win64/UE4Editor-LightPropagationVolumeEditor.dll (API version 3709383).
LogModuleManager: Display: Found up-to-date module file ../../../Engine/Plugins/Developer/GitSourceControl/Binaries/Win64/UE4Editor-GitSourceControl.dll (API version 3709383).
LogModuleManager: Display: Found up-to-date module file ../../../Engine/Plugins/Developer/PerforceSourceControl/Binaries/Win64/UE4Editor-PerforceSourceControl.dll (API version 3709383).
LogModuleManager: Display: Found up-to-date module file ../../../Engine/Plugins/Developer/SubversionSourceControl/Binaries/Win64/UE4Editor-SubversionSourceControl.dll (API version 3709383).
LogModuleManager: Display: Found up-to-date module file ../../../Engine/Plugins/Developer/UObjectPlugin/Binaries/Win64/UE4Editor-UObjectPlugin.dll (API version 3709383).
LogModuleManager: Display: Found up-to-date module file ../../../Engine/Plugins/Developer/VisualStudioCodeSourceCodeAccess/Binaries/Win64/UE4Editor-VisualStudioCodeSourceCodeAccess.dll (API version 3709383).
LogModuleManager: Display: Found up-to-date module file ../../../Engine/Plugins/Developer/VisualStudioSourceCodeAccess/Binaries/Win64/UE4Editor-VisualStudioSourceCodeAccess.dll (API version 3709383).
LogModuleManager: Display: Found up-to-date module file ../../../Engine/Plugins/Editor/AssetManagerEditor/Binaries/Win64/UE4Editor-AssetManagerEditor.dll (API version 3709383).
LogModuleManager: Display: Found up-to-date module file ../../../Engine/Plugins/Editor/AudioCapture/Binaries/Win64/UE4Editor-AudioCapture.dll (API version 3709383).
LogModuleManager: Display: Found up-to-date module file ../../../Engine/Plugins/Editor/FacialAnimation/Binaries/Win64/UE4Editor-FacialAnimation.dll (API version 3709383).
LogModuleManager: Display: Found up-to-date module file ../../../Engine/Plugins/Editor/FacialAnimation/Binaries/Win64/UE4Editor-FacialAnimationEditor.dll (API version 3709383).
LogModuleManager: Display: Found up-to-date module file ../../../Engine/Plugins/Editor/GameplayTagsEditor/Binaries/Win64/UE4Editor-GameplayTagsEditor.dll (API version 3709383).
LogModuleManager: Display: Found up-to-date module file ../../../Engine/Plugins/Editor/MobileLauncherProfileWizard/Binaries/Win64/UE4Editor-MobileLauncherProfileWizard.dll (API version 3709383).
LogModuleManager: Display: Found up-to-date module file ../../../Engine/Plugins/Editor/PluginBrowser/Binaries/Win64/UE4Editor-PluginBrowser.dll (API version 3709383).
LogModuleManager: Display: Found up-to-date module file ../../../Engine/Plugins/Editor/SpeedTreeImporter/Binaries/Win64/UE4Editor-SpeedTreeImporter.dll (API version 3709383).
LogModuleManager: Display: Found up-to-date module file ../../../Engine/Plugins/Experimental/AlembicImporter/Binaries/Win64/UE4Editor-AlembicImporter.dll (API version 3709383).
LogModuleManager: Display: Found up-to-date module file ../../../Engine/Plugins/Experimental/AlembicImporter/Binaries/Win64/UE4Editor-AlembicLibrary.dll (API version 3709383).
LogModuleManager: Display: Found up-to-date module file ../../../Engine/Plugins/Experimental/CharacterAI/Binaries/Win64/UE4Editor-CharacterAI.dll (API version 3709383).
LogModuleManager: Display: Found up-to-date module file ../../../Engine/Plugins/Experimental/HTML5Networking/Binaries/Win64/UE4Editor-HTML5Networking.dll (API version 3709383).
LogModuleManager: Display: Found up-to-date module file ../../../Engine/Plugins/Media/AndroidMedia/Binaries/Win64/UE4Editor-AndroidMediaEditor.dll (API version 3709383).
LogModuleManager: Display: Found up-to-date module file ../../../Engine/Plugins/Media/AndroidMedia/Binaries/Win64/UE4Editor-AndroidMediaFactory.dll (API version 3709383).
LogModuleManager: Display: Found up-to-date module file ../../../Engine/Plugins/Media/AvfMedia/Binaries/Win64/UE4Editor-AvfMediaEditor.dll (API version 3709383).
LogModuleManager: Display: Found up-to-date module file ../../../Engine/Plugins/Media/AvfMedia/Binaries/Win64/UE4Editor-AvfMediaFactory.dll (API version 3709383).
LogModuleManager: Display: Found up-to-date module file ../../../Engine/Plugins/Media/AvfMedia/Binaries/Win64/UE4Editor-AvfMediaFactory.dll (API version 3709383).
LogModuleManager: Display: Found up-to-date module file ../../../Engine/Plugins/Media/ImgMedia/Binaries/Win64/UE4Editor-ImgMedia.dll (API version 3709383).
LogModuleManager: Display: Found up-to-date module file ../../../Engine/Plugins/Media/ImgMedia/Binaries/Win64/UE4Editor-ImgMediaEditor.dll (API version 3709383).
LogModuleManager: Display: Found up-to-date module file ../../../Engine/Plugins/Media/ImgMedia/Binaries/Win64/UE4Editor-ImgMediaFactory.dll (API version 3709383).
LogModuleManager: Display: Found up-to-date module file ../../../Engine/Plugins/Media/ImgMedia/Binaries/Win64/UE4Editor-ImgMediaFactory.dll (API version 3709383).
LogModuleManager: Display: Found up-to-date module file ../../../Engine/Plugins/Media/ImgMedia/Binaries/Win64/UE4Editor-OpenExrWrapper.dll (API version 3709383).
LogModuleManager: Display: Found up-to-date module file ../../../Engine/Plugins/Media/MediaCompositing/Binaries/Win64/UE4Editor-MediaCompositing.dll (API version 3709383).
LogModuleManager: Display: Found up-to-date module file ../../../Engine/Plugins/Media/MediaCompositing/Binaries/Win64/UE4Editor-MediaCompositingEditor.dll (API version 3709383).
LogModuleManager: Display: Found up-to-date module file ../../../Engine/Plugins/Media/MediaPlayerEditor/Binaries/Win64/UE4Editor-MediaPlayerEditor.dll (API version 3709383).
LogModuleManager: Display: Found up-to-date module file ../../../Engine/Plugins/Media/WmfMedia/Binaries/Win64/UE4Editor-WmfMedia.dll (API version 3709383).
LogModuleManager: Display: Found up-to-date module file ../../../Engine/Plugins/Media/WmfMedia/Binaries/Win64/UE4Editor-WmfMediaEditor.dll (API version 3709383).
LogModuleManager: Display: Found up-to-date module file ../../../Engine/Plugins/Media/WmfMedia/Binaries/Win64/UE4Editor-WmfMediaFactory.dll (API version 3709383).
LogModuleManager: Display: Found up-to-date module file ../../../Engine/Plugins/Media/WmfMedia/Binaries/Win64/UE4Editor-WmfMediaFactory.dll (API version 3709383).
LogModuleManager: Display: Found up-to-date module file ../../../Engine/Plugins/Messaging/TcpMessaging/Binaries/Win64/UE4Editor-TcpMessaging.dll (API version 3709383).
LogModuleManager: Display: Found up-to-date module file ../../../Engine/Plugins/Messaging/UdpMessaging/Binaries/Win64/UE4Editor-UdpMessaging.dll (API version 3709383).
LogModuleManager: Display: Found up-to-date module file ../../../Engine/Plugins/MovieScene/ActorSequence/Binaries/Win64/UE4Editor-ActorSequence.dll (API version 3709383).
LogModuleManager: Display: Found up-to-date module file ../../../Engine/Plugins/MovieScene/LevelSequenceEditor/Binaries/Win64/UE4Editor-LevelSequenceEditor.dll (API version 3709383).
LogModuleManager: Display: Found up-to-date module file ../../../Engine/Plugins/MovieScene/MatineeToLevelSequence/Binaries/Win64/UE4Editor-MatineeToLevelSequence.dll (API version 3709383).
LogModuleManager: Display: Found up-to-date module file ../../../Engine/Plugins/Online/OnlineSubsystem/Binaries/Win64/UE4Editor-OnlineSubsystem.dll (API version 3709383).
LogModuleManager: Display: Found up-to-date module file ../../../Engine/Plugins/Runtime/AndroidPermission/Binaries/Win64/UE4Editor-AndroidPermission.dll (API version 3709383).
LogModuleManager: Display: Found up-to-date module file ../../../Engine/Plugins/Online/OnlineSubsystemNull/Binaries/Win64/UE4Editor-OnlineSubsystemNull.dll (API version 3709383).
LogModuleManager: Display: Found up-to-date module file ../../../Engine/Plugins/Online/OnlineSubsystemUtils/Binaries/Win64/UE4Editor-OnlineSubsystemUtils.dll (API version 3709383).
LogModuleManager: Display: Found up-to-date module file ../../../Engine/Plugins/Online/OnlineSubsystemUtils/Binaries/Win64/UE4Editor-OnlineBlueprintSupport.dll (API version 3709383).
LogModuleManager: Display: Found up-to-date module file ../../../Engine/Plugins/Runtime/AndroidDeviceProfileSelector/Binaries/Win64/UE4Editor-AndroidDeviceProfileSelector.dll (API version 3709383).
LogModuleManager: Display: Found up-to-date module file ../../../Engine/Plugins/Runtime/AppleARKit/Binaries/Win64/UE4Editor-AppleARKit.dll (API version 3709383).
LogModuleManager: Display: Found up-to-date module file ../../../Engine/Plugins/Runtime/ArchVisCharacter/Binaries/Win64/UE4Editor-ArchVisCharacter.dll (API version 3709383).
LogModuleManager: Display: Found up-to-date module file ../../../Engine/Plugins/Runtime/CableComponent/Binaries/Win64/UE4Editor-CableComponent.dll (API version 3709383).
LogModuleManager: Display: Found up-to-date module file ../../../Engine/Plugins/Runtime/CustomMeshComponent/Binaries/Win64/UE4Editor-CustomMeshComponent.dll (API version 3709383).
LogModuleManager: Display: Found up-to-date module file ../../../Engine/Plugins/Runtime/ExampleDeviceProfileSelector/Binaries/Win64/UE4Editor-ExampleDeviceProfileSelector.dll (API version 3709383).
LogModuleManager: Display: Found up-to-date module file ../../../Engine/Plugins/Runtime/ImmediatePhysics/Binaries/Win64/UE4Editor-ImmediatePhysics.dll (API version 3709383).
LogModuleManager: Display: Found up-to-date module file ../../../Engine/Plugins/Runtime/ImmediatePhysics/Binaries/Win64/UE4Editor-ImmediatePhysicsEditor.dll (API version 3709383).
LogModuleManager: Display: Found up-to-date module file ../../../Engine/Plugins/Runtime/LocationServicesBPLibrary/Binaries/Win64/UE4Editor-LocationServicesBPLibrary.dll (API version 3709383).
LogModuleManager: Display: Found up-to-date module file ../../../Engine/Plugins/Runtime/MobilePatchingUtils/Binaries/Win64/UE4Editor-MobilePatchingUtils.dll (API version 3709383).
LogModuleManager: Display: Found up-to-date module file ../../../Engine/Plugins/Runtime/Oculus/OculusVR/Binaries/Win64/UE4Editor-OculusHMD.dll (API version 3709383).
LogModuleManager: Display: Found up-to-date module file ../../../Engine/Plugins/Runtime/Oculus/OculusVR/Binaries/Win64/UE4Editor-OculusInput.dll (API version 3709383).
LogModuleManager: Display: Found up-to-date module file ../../../Engine/Plugins/Runtime/Oculus/OculusVR/Binaries/Win64/UE4Editor-OculusEditor.dll (API version 3709383).
LogModuleManager: Display: Found up-to-date module file ../../../Engine/Plugins/Runtime/PhysXVehicles/Binaries/Win64/UE4Editor-PhysXVehicles.dll (API version 3709383).
LogModuleManager: Display: Found up-to-date module file ../../../Engine/Plugins/Runtime/PhysXVehicles/Binaries/Win64/UE4Editor-PhysXVehiclesEditor.dll (API version 3709383).
LogModuleManager: Display: Found up-to-date module file ../../../Engine/Plugins/Runtime/ProceduralMeshComponent/Binaries/Win64/UE4Editor-ProceduralMeshComponent.dll (API version 3709383).
LogModuleManager: Display: Found up-to-date module file ../../../Engine/Plugins/Runtime/ProceduralMeshComponent/Binaries/Win64/UE4Editor-ProceduralMeshComponentEditor.dll (API version 3709383).
LogModuleManager: Display: Found up-to-date module file ../../../Engine/Plugins/Runtime/RuntimePhysXCooking/Binaries/Win64/UE4Editor-RuntimePhysXCooking.dll (API version 3709383).
LogModuleManager: Display: Found up-to-date module file ../../../Engine/Plugins/Runtime/Steam/SteamVR/Binaries/Win64/UE4Editor-SteamVR.dll (API version 3709383).
LogModuleManager: Display: Found up-to-date module file ../../../Engine/Plugins/Runtime/Steam/SteamVR/Binaries/Win64/UE4Editor-SteamVRController.dll (API version 3709383).
LogModuleManager: Display: Found up-to-date module file ../../../Engine/Plugins/Runtime/WindowsMoviePlayer/Binaries/Win64/UE4Editor-WindowsMoviePlayer.dll (API version 3709383).
LogPluginManager: Mounting plugin Paper2D
LogPluginManager: Mounting plugin LightPropagationVolume
LogPluginManager: Mounting plugin CodeLiteSourceCodeAccess
LogPluginManager: Mounting plugin GitSourceControl
LogPluginManager: Mounting plugin KDevelopSourceCodeAccess
LogPluginManager: Mounting plugin NullSourceCodeAccess
LogPluginManager: Mounting plugin PerforceSourceControl
LogPluginManager: Mounting plugin SubversionSourceControl
LogPluginManager: Mounting plugin UObjectPlugin
LogPluginManager: Mounting plugin VisualStudioCodeSourceCodeAccess
LogPluginManager: Mounting plugin VisualStudioSourceCodeAccess
LogPluginManager: Mounting plugin XCodeSourceCodeAccess
LogPluginManager: Mounting plugin AssetManagerEditor
LogPluginManager: Mounting plugin AudioCapture
LogPluginManager: Mounting plugin FacialAnimation
LogPluginManager: Mounting plugin GameplayTagsEditor
LogPluginManager: Mounting plugin MobileLauncherProfileWizard
LogPluginManager: Mounting plugin PluginBrowser
LogPluginManager: Mounting plugin SpeedTreeImporter
LogPluginManager: Mounting plugin AlembicImporter
LogPluginManager: Mounting plugin CharacterAI
LogPluginManager: Mounting plugin HTML5Networking
LogPluginManager: Mounting plugin AndroidMedia
LogPluginManager: Mounting plugin AvfMedia
LogPluginManager: Mounting plugin ImgMedia
LogPluginManager: Mounting plugin MediaCompositing
LogPluginManager: Mounting plugin MediaPlayerEditor
LogPluginManager: Mounting plugin WmfMedia
LogPluginManager: Mounting plugin TcpMessaging
LogPluginManager: Mounting plugin UdpMessaging
LogPluginManager: Mounting plugin ActorSequence
LogPluginManager: Mounting plugin LevelSequenceEditor
LogPluginManager: Mounting plugin MatineeToLevelSequence
LogPluginManager: Mounting plugin OnlineSubsystemGooglePlay
LogPluginManager: Mounting plugin OnlineSubsystemIOS
LogPluginManager: Mounting plugin OnlineSubsystem
LogPluginManager: Mounting plugin OnlineSubsystemNull
LogPluginManager: Mounting plugin OnlineSubsystemUtils
LogPluginManager: Mounting plugin AndroidDeviceProfileSelector
LogPluginManager: Mounting plugin AndroidMoviePlayer
LogPluginManager: Mounting plugin AndroidPermission
LogPluginManager: Mounting plugin AppleARKit
LogPluginManager: Mounting plugin AppleMoviePlayer
LogPluginManager: Mounting plugin ArchVisCharacter
LogPluginManager: Mounting plugin CableComponent
LogPluginManager: Mounting plugin CustomMeshComponent
LogPluginManager: Mounting plugin ExampleDeviceProfileSelector
LogPluginManager: Mounting plugin GoogleCloudMessaging
LogPluginManager: Mounting plugin ImmediatePhysics
LogPluginManager: Mounting plugin IOSDeviceProfileSelector
LogPluginManager: Mounting plugin LinuxDeviceProfileSelector
LogPluginManager: Mounting plugin LocationServicesBPLibrary
LogPluginManager: Mounting plugin MobilePatchingUtils
LogPluginManager: Mounting plugin OculusVR
LogPluginManager: Plugin shader directory ../../../Engine/Plugins/Runtime/Oculus/OculusVR/Shaders found
LogPluginManager: Mapping shader source directory ../../../Engine/Plugins/Runtime/Oculus/OculusVR/Shaders to virtual directory /Plugin/OculusVR
LogPluginManager: Mounting plugin PhysXVehicles
LogPluginManager: Mounting plugin ProceduralMeshComponent
LogPluginManager: Mounting plugin RuntimePhysXCooking
LogPluginManager: Mounting plugin SteamVR
LogPluginManager: Mounting plugin WindowsMoviePlayer
LogInit: Using libcurl 7.47.1
LogInit:  - built for x86_64-pc-win32
LogInit:  - supports SSL with OpenSSL/1.0.2g
LogInit:  - supports HTTP deflate (compression) using libz 1.2.8
LogInit:  - other features:
LogInit:      CURL_VERSION_SSL
LogInit:      CURL_VERSION_LIBZ
LogInit:      CURL_VERSION_IPV6
LogInit:      CURL_VERSION_ASYNCHDNS
LogInit:      CURL_VERSION_LARGEFILE
LogInit:      CURL_VERSION_IDN
LogInit:  CurlRequestOptions (configurable via config and command line):
LogInit:  - bVerifyPeer = false  - Libcurl will NOT verify peer certificate
LogInit:  - bUseHttpProxy = false  - Libcurl will NOT use HTTP proxy
LogInit:  - bDontReuseConnections = false  - Libcurl will reuse connections
LogInit:  - CertBundlePath = nullptr  - Libcurl will use whatever was configured at build time.
LogHMD: Failed initializing OVRPlugin 1.19.0
LogInit: Build: ++UE4+Release-4.18-CL-3832480
LogInit: Engine Version: 4.18.3-3832480+++UE4+Release-4.18
LogInit: Compatible Engine Version: 4.18.0-3709383+++UE4+Release-4.18
LogInit: Net CL: 3709383
LogDevObjectVersion: Number of dev versions registered: 16
LogDevObjectVersion:   Dev-Blueprints (B0D832E4-1F89-4F0D-ACCF-7EB736FD4AA2): 10
LogDevObjectVersion:   Dev-Build (E1C64328-A22C-4D53-A36C-8E866417BD8C): 0
LogDevObjectVersion:   Dev-Core (375EC13C-06E4-48FB-B500-84F0262A717E): 2
LogDevObjectVersion:   Dev-Editor (E4B068ED-F494-42E9-A231-DA0B2E46BB41): 20
LogDevObjectVersion:   Dev-Framework (CFFC743F-43B0-4480-9391-14DF171D2073): 30
LogDevObjectVersion:   Dev-Mobile (B02B49B5-BB20-44E9-A304-32B752E40360): 0
LogDevObjectVersion:   Dev-Networking (A4E4105C-59A1-49B5-A7C5-40C4547EDFEE): 0
LogDevObjectVersion:   Dev-Online (39C831C9-5AE6-47DC-9A44-9C173E1C8E7C): 0
LogDevObjectVersion:   Dev-Physics (78F01B33-EBEA-4F98-B9B4-84EACCB95AA2): 0
LogDevObjectVersion:   Dev-Platform (6631380F-2D4D-43E0-8009-CF276956A95A): 0
LogDevObjectVersion:   Dev-Rendering (12F88B9F-8875-4AFC-A67C-D90C383ABD29): 20
LogDevObjectVersion:   Dev-Sequencer (7B5AE74C-D270-4C10-A958-57980B212A5A): 4
LogDevObjectVersion:   Dev-VR (D7296918-1DD6-4BDD-9DE2-64A83CC13884): 0
LogDevObjectVersion:   Dev-LoadTimes (C2A15278-BFE7-4AFE-6C17-90FF531DF755): 1
LogDevObjectVersion:   Private-Geometry (6EACA3D4-40EC-4CC1-B786-8BED09428FC5): 1
LogDevObjectVersion:   Dev-AnimPhys (29E575DD-E0A3-4627-9D10-D276232CDCEA): 12
LogInit: Compiled (64-bit): Jan 12 2018 02:04:55
LogInit: Compiled with Visual C++: 19.00.24215.01
LogInit: Build Configuration: Development
LogInit: Branch Name: ++UE4+Release-4.18
LogInit: Command line: -EpicPortal 
LogInit: Base directory: E:/UE_4.18/Engine/Binaries/Win64/
LogInit: Installed Engine Build: 1
LogInit: Presizing for max 8388607 objects, including 0 objects not considered by GC, pre-allocating 0 bytes for permanent pool.
LogInit: Object subsystem initialized
[2018.02.15-01.39.24:970][  0]LogInit: Selected Device Profile: [Windows]
[2018.02.15-01.39.24:970][  0]LogInit: Applying CVar settings loaded from the selected device profile: [Windows]
[2018.02.15-01.39.24:976][  0]LogInit: Computer: DESKTOP-TFOMC3T
[2018.02.15-01.39.24:976][  0]LogInit: User: CyberPower
[2018.02.15-01.39.24:976][  0]LogInit: CPU Page size=4096, Cores=4
[2018.02.15-01.39.24:976][  0]LogInit: High frequency timer resolution =3.703132 MHz
[2018.02.15-01.39.24:977][  0]LogMemory: Memory total: Physical=7.9GB (8GB approx)
[2018.02.15-01.39.24:977][  0]LogMemory: Platform Memory Stats for Windows
[2018.02.15-01.39.24:977][  0]LogMemory: Process Physical Memory: 277.05 MB used, 277.05 MB peak
[2018.02.15-01.39.24:977][  0]LogMemory: Process Virtual Memory: 268.00 MB used, 268.00 MB peak
[2018.02.15-01.39.24:977][  0]LogMemory: Physical Memory: 4856.89 MB used,  3265.37 MB free, 8122.25 MB total
[2018.02.15-01.39.24:977][  0]LogMemory: Virtual Memory: 720.60 MB used,  3265.37 MB free, 134217728.00 MB total
[2018.02.15-01.39.25:078][  0]LogInit: Using OS detected language (en-US).
[2018.02.15-01.39.25:078][  0]LogInit: Using OS detected locale (en-US).
[2018.02.15-01.39.25:083][  0]LogTextLocalizationManager: No specific localization for 'en-US' exists, so the 'en' localization will be used.
[2018.02.15-01.39.25:428][  0]LogInit: Setting process to per monitor DPI aware
[2018.02.15-01.39.25:691][  0]LogD3D11RHI: D3D11 adapters:
[2018.02.15-01.39.25:727][  0]LogD3D11RHI:    0. 'NVIDIA GeForce GTX 1060 6GB' (Feature Level 11_0)
[2018.02.15-01.39.25:727][  0]LogD3D11RHI:       6061/0/4061 MB DedicatedVideo/DedicatedSystem/SharedSystem, Outputs:1, VendorId:0x10de
[2018.02.15-01.39.25:729][  0]LogD3D11RHI:    1. 'Microsoft Basic Render Driver' (Feature Level 11_0)
[2018.02.15-01.39.25:729][  0]LogD3D11RHI:       0/0/4061 MB DedicatedVideo/DedicatedSystem/SharedSystem, Outputs:0, VendorId:0x1414
[2018.02.15-01.39.25:729][  0]LogD3D11RHI: Chosen D3D11 Adapter: 0
[2018.02.15-01.39.25:735][  0]LogD3D11RHI: Creating new Direct3DDevice
[2018.02.15-01.39.25:735][  0]LogD3D11RHI:     GPU DeviceId: 0x1c03 (for the marketing name, search the web for "GPU Device Id")
[2018.02.15-01.39.25:735][  0]LogWindows: EnumDisplayDevices:
[2018.02.15-01.39.25:735][  0]LogWindows:    0. 'NVIDIA GeForce GTX 1060 6GB' (P:1 D:1)
[2018.02.15-01.39.25:735][  0]LogWindows:    1. 'NVIDIA GeForce GTX 1060 6GB' (P:0 D:0)
[2018.02.15-01.39.25:735][  0]LogWindows:    2. 'NVIDIA GeForce GTX 1060 6GB' (P:0 D:0)
[2018.02.15-01.39.25:735][  0]LogWindows:    3. 'NVIDIA GeForce GTX 1060 6GB' (P:0 D:0)
[2018.02.15-01.39.25:735][  0]LogWindows: DebugString: GetVideoDriverDetailsInvalid PrimaryIsNotTheChoosenAdapter GetVideoDriverDetailsInvalid PrimaryIsNotTheChoosenAdapter GetVideoDriverDetailsInvalid PrimaryIsNotTheChoosenAdapter GetVideoDriverDetailsInvalid PrimaryIsNotTheChoosenAdapter FoundDriverCount:0 
[2018.02.15-01.39.25:735][  0]LogD3D11RHI:     Adapter Name: NVIDIA GeForce GTX 1060 6GB
[2018.02.15-01.39.25:735][  0]LogD3D11RHI:   Driver Version: Unknown (internal:Unknown, unified:Unknown)
[2018.02.15-01.39.25:735][  0]LogD3D11RHI:      Driver Date: Unknown
[2018.02.15-01.39.25:735][  0]LogRHI: Texture pool is 4242 MB (70% of 6061 MB)
[2018.02.15-01.39.25:757][  0]LogD3D11RHI: Async texture creation enabled
[2018.02.15-01.39.25:766][  0]LogD3D11RHI: GPU Timing Frequency: 1000.000000 (Debug: 2 1)
[2018.02.15-01.39.25:814][  0]LogShaderCompilers: Guid format shader working directory is -10 characters bigger than the processId version (C:/Users/CyberPower/Documents/GitHub/Mutiple-Game/MultaGames/Intermediate/Shaders/WorkingDirectory/16696/).
[2018.02.15-01.39.25:814][  0]LogShaderCompilers: Cleaned the shader compiler working directory 'C:/Users/CyberPower/AppData/Local/Temp/UnrealShaderWorkingDir/A4801725480E5747BBD33ABD783B1B56/'.
[2018.02.15-01.39.25:814][  0]LogShaderCompilers: Display: Using Local Shader Compiler.
[2018.02.15-01.39.26:543][  0]LogTemp: Display: Loaded TP AllDesktopTargetPlatform
[2018.02.15-01.39.26:583][  0]LogTemp: Display: Loaded TP MacClientTargetPlatform
[2018.02.15-01.39.26:623][  0]LogTemp: Display: Loaded TP MacNoEditorTargetPlatform
[2018.02.15-01.39.26:663][  0]LogTemp: Display: Loaded TP MacServerTargetPlatform
[2018.02.15-01.39.26:702][  0]LogTemp: Display: Loaded TP MacTargetPlatform
[2018.02.15-01.39.26:742][  0]LogTemp: Display: Loaded TP WindowsClientTargetPlatform
[2018.02.15-01.39.26:781][  0]LogTemp: Display: Loaded TP WindowsNoEditorTargetPlatform
[2018.02.15-01.39.26:819][  0]LogTemp: Display: Loaded TP WindowsServerTargetPlatform
[2018.02.15-01.39.26:853][  0]LogTemp: Display: Loaded TP WindowsTargetPlatform
[2018.02.15-01.39.26:891][  0]LogTemp: Display: Loaded TP Android_ASTCTargetPlatform
[2018.02.15-01.39.26:931][  0]LogTemp: Display: Loaded TP Android_ATCTargetPlatform
[2018.02.15-01.39.26:971][  0]LogTemp: Display: Loaded TP Android_DXTTargetPlatform
[2018.02.15-01.39.27:009][  0]LogTemp: Display: Loaded TP Android_ETC1TargetPlatform
[2018.02.15-01.39.27:047][  0]LogTemp: Display: Loaded TP Android_ETC2TargetPlatform
[2018.02.15-01.39.27:123][  0]LogTemp: Display: Loaded TP Android_MultiTargetPlatform
[2018.02.15-01.39.27:124][  0]LogTemp: Display: Loaded TP Android_PVRTCTargetPlatform
[2018.02.15-01.39.27:161][  0]LogTemp: Display: Loaded TP AndroidTargetPlatform
[2018.02.15-01.39.27:189][  0]LogTemp: Display: Loaded TP HTML5TargetPlatform
[2018.02.15-01.39.27:261][  0]LogTemp: Display: Loaded TP IOSTargetPlatform
[2018.02.15-01.39.27:280][  0]LogTemp: Display: Loaded TP TVOSTargetPlatform
[2018.02.15-01.39.27:317][  0]LogTemp: Display: Loaded TP LinuxClientTargetPlatform
[2018.02.15-01.39.27:357][  0]LogTemp: Display: Loaded TP LinuxNoEditorTargetPlatform
[2018.02.15-01.39.27:394][  0]LogTemp: Display: Loaded TP LinuxServerTargetPlatform
[2018.02.15-01.39.27:433][  0]LogTemp: Display: Loaded TP LinuxTargetPlatform
[2018.02.15-01.39.27:433][  0]LogTargetPlatformManager: Display: Building Assets For Windows
[2018.02.15-01.39.27:752][  0]LogDerivedDataCache: Display: Max Cache Size: 512 MB
[2018.02.15-01.39.27:809][  0]LogDerivedDataCache: Loaded boot cache 0.06s 78MB C:/Users/CyberPower/AppData/Local/UnrealEngine/4.18/DerivedDataCache/Boot.ddc.
[2018.02.15-01.39.27:809][  0]LogDerivedDataCache: Display: Loaded Boot cache: C:/Users/CyberPower/AppData/Local/UnrealEngine/4.18/DerivedDataCache/Boot.ddc
[2018.02.15-01.39.27:809][  0]LogDerivedDataCache: FDerivedDataBackendGraph:  Pak pak cache file C:/Users/CyberPower/Documents/GitHub/Mutiple-Game/MultaGames/DerivedDataCache/DDC.ddp not found, will not use a pak cache.
[2018.02.15-01.39.27:809][  0]LogDerivedDataCache: Unable to find inner node Pak for hierarchical cache Hierarchy.
[2018.02.15-01.39.27:809][  0]LogDerivedDataCache: FDerivedDataBackendGraph:  CompressedPak pak cache file C:/Users/CyberPower/Documents/GitHub/Mutiple-Game/MultaGames/DerivedDataCache/Compressed.ddp not found, will not use a pak cache.
[2018.02.15-01.39.27:809][  0]LogDerivedDataCache: Unable to find inner node CompressedPak for hierarchical cache Hierarchy.
[2018.02.15-01.39.27:822][  0]LogDerivedDataCache: Display: Pak cache opened for reading ../../../Engine/DerivedDataCache/Compressed.ddp.
[2018.02.15-01.39.27:834][  0]LogDerivedDataCache: Using Local data cache path C:/Users/CyberPower/AppData/Local/UnrealEngine/Common/DerivedDataCache: Writable
[2018.02.15-01.39.27:843][  0]LogMaterial: Verifying Global Shaders for PCD3D_SM5
[2018.02.15-01.39.27:843][  0]LogSlate: Using Freetype 2.6.0
[2018.02.15-01.39.27:844][  0]LogSlate: SlateFontCache - WITH_FREETYPE: 1, WITH_HARFBUZZ: 1
[2018.02.15-01.39.27:844][  0]LogSlate: SlateFontCache - WITH_FREETYPE: 1, WITH_HARFBUZZ: 1
[2018.02.15-01.39.28:154][  0]LogInit: Selected Device Profile: [Windows]
[2018.02.15-01.39.28:359][  0]LogSimplygon: Simplygon DLL not present - disabling.
[2018.02.15-01.39.28:388][  0]LogMeshReduction: Using SimplygonSwarm for distributed automatic mesh merging
[2018.02.15-01.39.28:388][  0]LogMeshReduction: Using QuadricMeshReduction for automatic static mesh reduction
[2018.02.15-01.39.28:388][  0]LogMeshReduction: No automatic skeletal mesh reduction module available
[2018.02.15-01.39.28:388][  0]LogMeshReduction: No automatic mesh merging module available
[2018.02.15-01.39.28:388][  0]LogMeshMerging: No automatic mesh merging module available
[2018.02.15-01.39.28:476][  0]LogNetVersion: MultaGames , NetCL: 3709383, EngineNetVer: 2, GameNetVer: 0 (Checksum: 3427993314)
[2018.02.15-01.39.28:615][  0]LogAssetRegistry: FAssetRegistry took 0.0252 seconds to start up
[2018.02.15-01.39.29:003][  0]LogPackageLocalizationCache: Processed 7 localized package path(s) for 2 prioritized culture(s) in 0.041150 seconds
[2018.02.15-01.39.29:008][  0]LogUObjectArray: 35870 objects as part of root set at end of initial load.
[2018.02.15-01.39.29:008][  0]LogUObjectAllocator: 7363704 out of 0 bytes used by permanent object pool.
[2018.02.15-01.39.29:008][  0]LogUObjectArray: CloseDisregardForGC: 0/0 objects in disregard for GC pool
[2018.02.15-01.39.29:041][  0]LogInit: WinSock: version 1.1 (2.2), MaxSocks=32767, MaxUdp=65467
[2018.02.15-01.39.31:360][  0]LogTcpMessaging: Initializing TcpMessaging bridge
[2018.02.15-01.39.31:396][  0]LogUdpMessaging: Initializing bridge on interface 0.0.0.0:0 to multicast group 230.0.0.1:6666.
[2018.02.15-01.39.31:961][  0]LogMaterial: Uniform references updated for custom material expression Custom.
[2018.02.15-01.39.32:314][  0]SourceControl: Source control is disabled
[2018.02.15-01.39.32:314][  0]SourceControl: Source control is disabled
[2018.02.15-01.39.32:360][  0]SourceControl: Source control is disabled
[2018.02.15-01.39.32:408][  0]SourceControl: Source control is disabled
[2018.02.15-01.39.33:074][  0]LogAndroidPermission: UAndroidPermissionCallbackProxy::GetInstance
[2018.02.15-01.39.33:301][  0]LogOcInput: OculusInput pre-init called
[2018.02.15-01.39.33:532][  0]LogEngine: Initializing Engine...
[2018.02.15-01.39.39:188][  0]LogHMD: Failed to initialize OpenVR with code 108
[2018.02.15-01.39.39:361][  0]LogStats: UGameplayTagsManager::ConstructGameplayTagTree: Construct from data asset -  0.000 s
[2018.02.15-01.39.39:361][  0]LogStats: UGameplayTagsManager::ConstructGameplayTagTree: GameplayTagTreeChangedEvent.Broadcast -  0.000 s
[2018.02.15-01.39.39:471][  0]LogAIModule: Creating AISystem for world Untitled
[2018.02.15-01.39.39:480][  0]LogInit: XAudio2 using 'VG245-8 (NVIDIA High Definition Audio)' : 2 channels at 48 kHz using 16 bits per sample (channel mask 0x3)
[2018.02.15-01.39.39:492][  0]LogInit: FAudioDevice initialized.
[2018.02.15-01.39.39:566][  0]LogDerivedDataCache: Saved boot cache 0.07s 78MB C:/Users/CyberPower/AppData/Local/UnrealEngine/4.18/DerivedDataCache/Boot.ddc.
[2018.02.15-01.39.39:576][  0]LogInit: Texture streaming: Enabled
[2018.02.15-01.39.39:642][  0]LogEngineSessionManager: EngineSessionManager initialized
[2018.02.15-01.39.39:743][  0]LogInit: Transaction tracking system initialized
[2018.02.15-01.39.39:981][  0]BlueprintLog: New page: Editor Load
[2018.02.15-01.39.40:651][  0]LocalizationService: Localization service is disabled
[2018.02.15-01.39.41:204][  0]LogConsoleResponse: Display: 
[2018.02.15-01.39.41:342][  0]LogCook: Display: Max memory allowance for cook 16384mb min free memory 0mb
[2018.02.15-01.39.41:342][  0]LogCook: Display: Mobile HDR setting 1
[2018.02.15-01.39.41:342][  0]LogGameplayTags: Display: UGameplayTagsManager::DoneAddingNativeTags. DelegateIsBound: 0
[2018.02.15-01.39.41:460][  0]LogFileCache: Scanning file cache for directory 'C:/Users/CyberPower/Documents/GitHub/Mutiple-Game/MultaGames/Content/' took 0.01s
[2018.02.15-01.39.42:271][  0]SourceControl: Source control is disabled
[2018.02.15-01.39.42:272][  0]Cmd: MAP LOAD FILE="C:/Users/CyberPower/Documents/GitHub/Mutiple-Game/MultaGames/Content/ThirdPersonBP/Maps/ThirdPersonExampleMap.umap" TEMPLATE=0 SHOWPROGRESS=1 FEATURELEVEL=3
[2018.02.15-01.39.42:272][  0]LightingResults: New page: Lighting Build
[2018.02.15-01.39.42:303][  0]MapCheck: New page: Map Check
[2018.02.15-01.39.42:303][  0]LightingResults: New page: Lighting Build
[2018.02.15-01.39.42:498][  0]LogLinker: Warning: Can't find file '/Game/ThirdPersonBP/Maps/ThirdPersonExampleMap_BuiltData'
[2018.02.15-01.39.42:498][  0]LogLinker: Warning: Can't find file for asset '/Game/ThirdPersonBP/Maps/ThirdPersonExampleMap_BuiltData' while loading C:/Users/CyberPower/Documents/GitHub/Mutiple-Game/MultaGames/Content/ThirdPersonBP/Maps/ThirdPersonExampleMap.umap.
[2018.02.15-01.39.42:498][  0]LoadErrors: Error: /Game/ThirdPersonBP/Maps/ThirdPersonExampleMap : Can't find file for asset. /Game/ThirdPersonBP/Maps/ThirdPersonExampleMap_BuiltData
[2018.02.15-01.39.42:512][  0]LogLinker: Warning: Can't find file '/Game/ThirdPersonBP/Maps/ThirdPersonExampleMap_BuiltData'
[2018.02.15-01.39.42:512][  0]LogLinker: Warning: Can't find file for asset '/Game/ThirdPersonBP/Maps/ThirdPersonExampleMap_BuiltData' while loading C:/Users/CyberPower/Documents/GitHub/Mutiple-Game/MultaGames/Content/ThirdPersonBP/Maps/ThirdPersonExampleMap.umap.
[2018.02.15-01.39.42:512][  0]LoadErrors: Error: /Game/ThirdPersonBP/Maps/ThirdPersonExampleMap : Can't find file for asset. /Game/ThirdPersonBP/Maps/ThirdPersonExampleMap_BuiltData
[2018.02.15-01.39.42:515][  0]LogLinker: Warning: Can't find file '/Game/ThirdPersonBP/Maps/ThirdPersonExampleMap_BuiltData'
[2018.02.15-01.39.42:515][  0]LogLinker: Warning: Can't find file for asset '/Game/ThirdPersonBP/Maps/ThirdPersonExampleMap_BuiltData' while loading NULL.
[2018.02.15-01.39.42:515][  0]LogLinker: Warning: Can't find file '/Game/ThirdPersonBP/Maps/ThirdPersonExampleMap_BuiltData'
[2018.02.15-01.39.42:515][  0]LogLinker: Warning: Can't find file for asset '/Game/ThirdPersonBP/Maps/ThirdPersonExampleMap_BuiltData' while loading NULL.
[2018.02.15-01.39.42:540][  0]LogLinker: Warning: Can't find file '/Game/ThirdPersonBP/Maps/ThirdPersonExampleMap_BuiltData'
[2018.02.15-01.39.42:540][  0]LoadErrors: Failed to load /Game/ThirdPersonBP/Maps/ThirdPersonExampleMap_BuiltData.ThirdPersonExampleMap_BuiltData Referenced by PersistentLevel
[2018.02.15-01.39.42:540][  0]LogLinker: Warning: Can't find file for asset '/Game/ThirdPersonBP/Maps/ThirdPersonExampleMap_BuiltData' while loading NULL.
[2018.02.15-01.39.42:540][  0]LoadErrors: Failed to load /Game/ThirdPersonBP/Maps/ThirdPersonExampleMap_BuiltData.ThirdPersonExampleMap_BuiltData Referenced by PersistentLevel
[2018.02.15-01.39.42:781][  0]LogAIModule: Creating AISystem for world ThirdPersonExampleMap
[2018.02.15-01.39.42:810][  0]LogEditorServer: Finished looking for orphan Actors (0.000 secs)
[2018.02.15-01.39.42:821][  0]Cmd: MAP CHECKDEP NOCLEARLOG
[2018.02.15-01.39.42:873][  0]MapCheck: Map check complete: 0 Error(s), 0 Warning(s), took 52.316ms to complete.
[2018.02.15-01.39.42:873][  0]LogFileHelpers: Loading map 'ThirdPersonExampleMap' took 0.602
[2018.02.15-01.39.43:001][  0]LogCollectionManager: Loaded 0 collections in 0.000692 seconds
[2018.02.15-01.39.43:067][  0]LogFileCache: Scanning file cache for directory 'C:/Users/CyberPower/Documents/GitHub/Mutiple-Game/MultaGames/Saved/Collections/' took 0.01s
[2018.02.15-01.39.43:067][  0]LogFileCache: Scanning file cache for directory 'C:/Users/CyberPower/Documents/GitHub/Mutiple-Game/MultaGames/Content/Developers/CyberPower/Collections/' took 0.01s
[2018.02.15-01.39.43:067][  0]LogFileCache: Scanning file cache for directory 'C:/Users/CyberPower/Documents/GitHub/Mutiple-Game/MultaGames/Content/Collections/' took 0.01s
[2018.02.15-01.39.43:067][  0]LogCollectionManager: Rebuilt the GUID cache for 0 collections in 0.000001 seconds
[2018.02.15-01.39.43:074][  0]LogContentBrowser: Native class hierarchy populated in 0.0068 seconds. Added 2363 classes and 519 folders.
[2018.02.15-01.39.43:122][  0]LogContentBrowser: Native class hierarchy updated for 'WidgetCarousel' in 0.0002 seconds. Added 0 classes and 0 folders.
[2018.02.15-01.39.43:164][  0]LogContentBrowser: Native class hierarchy updated for 'AddContentDialog' in 0.0002 seconds. Added 0 classes and 0 folders.
[2018.02.15-01.39.43:196][  0]LogContentBrowser: Native class hierarchy updated for 'SceneOutliner' in 0.0002 seconds. Added 1 classes and 2 folders.
[2018.02.15-01.39.43:251][  0]LogSlate: Took 0.000386 seconds to synchronously load lazily loaded font '../../../Engine/Content/Slate/Fonts/Roboto-Regular.ttf' (155K)
[2018.02.15-01.39.43:253][  0]LogSlate: Took 0.000201 seconds to synchronously load lazily loaded font '../../../Engine/Content/Slate/Fonts/Roboto-Bold.ttf' (160K)
[2018.02.15-01.39.43:258][  0]LogSlate: Took 0.000294 seconds to synchronously load lazily loaded font '../../../Engine/Content/Editor/Slate/Fonts/FontAwesome.ttf' (139K)
[2018.02.15-01.39.43:341][  0]LogRenderer: Reallocating scene render targets to support 1208x576 Format 10 NumSamples 1 (Frame:1).
[2018.02.15-01.39.43:499][  0]LogContentBrowser: Native class hierarchy updated for 'HierarchicalLODOutliner' in 0.0003 seconds. Added 1 classes and 2 folders.
[2018.02.15-01.39.43:499][  0]LogLoad: (Engine Initialization) Total time: 21.17 seconds
[2018.02.15-01.39.43:499][  0]LogLoad: (Engine Initialization) Total Blueprint compile time: 0.00 seconds
[2018.02.15-01.39.43:499][  0]LogExternalProfiler: Found external profiler: VSPerf
[2018.02.15-01.39.43:499][  0]LogExternalProfiler: Using external profiler: VSPerf
[2018.02.15-01.39.43:508][  0]LogWindowsTextInputMethodSystem: Display: IME system now deactivated.
[2018.02.15-01.39.43:525][  0]LogAssetRegistry: Asset discovery search completed in 14.9309 seconds
[2018.02.15-01.39.43:526][  0]LogCollectionManager: Rebuilt the object cache for 0 collections in 0.000000 seconds (found 0 objects)
[2018.02.15-01.39.43:526][  0]LogCollectionManager: Fixed up redirectors for 0 collections in 0.000042 seconds (updated 0 objects)
[2018.02.15-01.39.43:529][  0]LogContentStreaming: Texture pool size now 1000 MB
[2018.02.15-01.39.43:593][  0]LogSlate: Took 0.014626 seconds to synchronously load lazily loaded font '../../../Engine/Content/Slate/Fonts/Roboto-Light.ttf' (159K)
[2018.02.15-01.40.02:724][286]MapCheck: New page: Map Check
[2018.02.15-01.40.02:734][286]Cmd: MAP REBUILD ALLVISIBLE
[2018.02.15-01.40.02:734][286]LogEditorServer: Rebuildmap Clear paths rebuilt
[2018.02.15-01.40.02:850][286]LogMaterial: Missing cached shader map for material FDebugViewModeMaterialProxy WorldGridMaterial, compiling. Is special engine material.
[2018.02.15-01.40.02:856][286]LogMaterial: Missing cached shader map for material FDebugViewModeMaterialProxy MaterialInstanceDynamic_1, compiling. 
[2018.02.15-01.40.02:861][286]LogMaterial: Missing cached shader map for material FDebugViewModeMaterialProxy HelpActorMaterial, compiling. 
[2018.02.15-01.40.02:867][286]LogMaterial: Missing cached shader map for material FDebugViewModeMaterialProxy RampMaterial, compiling. 
[2018.02.15-01.40.02:872][286]LogMaterial: Missing cached shader map for material FDebugViewModeMaterialProxy CubeMaterial, compiling. 
[2018.02.15-01.40.02:877][286]LogMaterial: Missing cached shader map for material FDebugViewModeMaterialProxy DefaultTextMaterialOpaque, compiling. 
[2018.02.15-01.40.02:884][286]LogMaterial: Missing cached shader map for material FDebugViewModeMaterialProxy M_UE4Man_Body, compiling. 
[2018.02.15-01.40.02:890][286]LogMaterial: Missing cached shader map for material FDebugViewModeMaterialProxy M_UE4Man_ChestLogo, compiling. 
[2018.02.15-01.40.02:896][286]LogMaterial: Missing cached shader map for material FDebugViewModeMaterialProxy MatineeCam_mat, compiling. 
[2018.02.15-01.40.03:894][286]TextureStreamingBuild: Display: Compiling optional shaders took 1.048 seconds.
[2018.02.15-01.40.03:914][286]LogLevel: Display: Export Material TexCoord Scales took 0.021 seconds.
[2018.02.15-01.40.03:918][286]TextureStreamingBuild: Display: Build Texture Streaming took 0.004 seconds.
[2018.02.15-01.40.03:927][286]LightingResults: New page: Lighting Build - Feb 14, 2018, 1:40:03 PM
[2018.02.15-01.40.03:982][286]LogSwarmInterface: [OpenConnection] Registering TCP channel ...
[2018.02.15-01.40.04:034][286]LogSwarmInterface: [OpenConnection] Connecting to agent ...
[2018.02.15-01.40.04:044][286]LogSwarmInterface: [TryOpenConnection] Testing the Agent
[2018.02.15-01.40.04:551][286]LogSwarmInterface: [TryOpenConnection] Opening Connection to Agent
[2018.02.15-01.40.04:551][286]LogSwarmInterface: [TryOpenConnection] Local Process ID is 16696
[2018.02.15-01.40.07:265][286]LogStaticLightingSystem: Running Lightmass w/ ImmediateImport mode ENABLED
[2018.02.15-01.40.07:265][286]LogStaticLightingSystem: Running Lightmass w/ ImmediateProcess mode ENABLED
[2018.02.15-01.40.07:265][286]LogStaticLightingSystem: Running Lightmass w/ Sorting mode ENABLED
[2018.02.15-01.40.07:265][286]LogStaticLightingSystem: Running Lightmass w/ Mapping paddings ENABLED
[2018.02.15-01.40.07:265][286]LogStaticLightingSystem: Running Lightmass w/ Mapping debug paddings DISABLED
[2018.02.15-01.40.07:385][286]Cmd: MAP CHECK DONTDISPLAYDIALOG
[2018.02.15-01.40.07:386][286]MapCheck: New page: ThirdPersonExampleMap - Feb 14, 2018, 1:40:07 PM
[2018.02.15-01.40.07:386][286]MapCheck: Error: WorldInfo_0 Maps need lighting rebuilt 
[2018.02.15-01.40.07:436][286]MapCheck: Map check complete: 1 Error(s), 0 Warning(s), took 50.899ms to complete.
[2018.02.15-01.40.07:459][286]LogEditorBuildUtils: Build time 0:04
[2018.02.15-01.40.13:612][842]Job is a success!
[2018.02.15-01.40.13:628][843]LogSlate: Took 0.000173 seconds to synchronously load lazily loaded font '../../../Engine/Content/Slate/Fonts/Roboto-Light.ttf' (159K)
[2018.02.15-01.40.13:687][843]LogVolumetricLightmapImport: Imported Volumetric Lightmap in 0.042s
[2018.02.15-01.40.13:687][843]LogVolumetricLightmapImport:      Indirection Texture 16x16x16 = 0.0Mb
[2018.02.15-01.40.13:687][843]LogVolumetricLightmapImport:      BrickData 245x5x5 = 0.2Mb
[2018.02.15-01.40.13:687][843]LogVolumetricLightmapImport:      Bricks at Level
[2018.02.15-01.40.13:687][843]LogVolumetricLightmapImport:          0: 2.0% covering 100.0% of volume
[2018.02.15-01.40.13:687][843]LogVolumetricLightmapImport:          1: 8.2% covering 6.3% of volume
[2018.02.15-01.40.13:687][843]LogVolumetricLightmapImport:          2: 89.8% covering 1.1% of volume
[2018.02.15-01.40.14:510][843]LogTexture: Display: Building textures: SkyOcclusion0_1 (AutoDXT, 1024X512)
[2018.02.15-01.40.14:510][843]LogTexture: Display: Building textures: HQ_Lightmap0_1 (AutoDXT, 1024X1024)
[2018.02.15-01.40.14:510][843]LogTexture: Display: Building textures: LQ_Lightmap_0_1 (DXT1, 1024X1024)
[2018.02.15-01.40.14:510][843]LogTexture: Display: Building textures: SkyOcclusion0_2 (AutoDXT, 512X256)
[2018.02.15-01.40.14:510][843]LogTexture: Display: Building textures: HQ_Lightmap0_2 (AutoDXT, 512X512)
[2018.02.15-01.40.14:510][843]LogTexture: Display: Building textures: LQ_Lightmap_0_2 (DXT1, 512X512)
[2018.02.15-01.40.14:510][843]LogTexture: Display: Building textures: SkyOcclusion0_3 (AutoDXT, 64X32)
[2018.02.15-01.40.14:510][843]LogTexture: Display: Building textures: HQ_Lightmap0_3 (AutoDXT, 64X64)
[2018.02.15-01.40.14:510][843]LogTexture: Display: Building textures: LQ_Lightmap_0_3 (DXT1, 64X64)
[2018.02.15-01.40.14:687][843]LogTexture: Display: Building textures: ShadowMapTexture2D_1 (G8, 32X32)
[2018.02.15-01.40.14:687][843]LogTexture: Display: Building textures: ShadowMapTexture2D_0 (G8, 1024X1024)
[2018.02.15-01.40.14:708][843]Lightmass on DESKTOP-TFOMC3T: 6.47 sec total, 124 ms importing, 10 ms setup, 930 ms photons, 5.34 sec processing, 0 ms extra exporting [12/12 mappings]. Threads: 21.3 sec total, 11.6 sec processing.
[2018.02.15-01.40.14:723][843]LogStaticLightingSystem: Illumination: 10.7 sec (779 ms encoding lightmaps, 170 ms encoding shadowmaps)
[2018.02.15-01.40.14:723][843]LogStaticLightingSystem: Lightmap texture memory:  3.3 MB (3.3 MB streaming, 0.0 MB non-streaming), 6 textures
[2018.02.15-01.40.14:723][843]LogStaticLightingSystem: Shadowmap texture memory: 1.3 MB (1.3 MB streaming, 0.0 MB non-streaming), 2 textures
[2018.02.15-01.40.15:268][843]DumpUnbuiltLightIteractions
[2018.02.15-01.40.15:268][843]Lights with unbuilt interactions: 0
[2018.02.15-01.40.15:268][843]
[2018.02.15-01.40.15:268][843]Primitives with unbuilt interactions: 0
[2018.02.15-01.40.15:274][844]Cmd: MAP CHECK NOTIFYRESULTS
[2018.02.15-01.40.15:274][844]MapCheck: New page: ThirdPersonExampleMap - Feb 14, 2018, 1:40:15 PM
[2018.02.15-01.40.15:327][844]MapCheck: Map check complete: 0 Error(s), 0 Warning(s), took 53.948ms to complete.
[2018.02.15-01.42.24:331][939]LogSlate: Took 0.000235 seconds to synchronously load lazily loaded font '../../../Engine/Content/Slate/Fonts/Roboto-Light.ttf' (159K)
[2018.02.15-01.42.25:850][117]AssetReimport: New page: Outstanding source content changes 1:42:25 PM
[2018.02.15-01.42.25:951][118]LogEditorFactories: Performing atomic reimport of [C:/Users/CyberPower/Documents/GitHub/Mutiple-Game/MultaGames/Content/Game/Textures/GoldenRings.png]
[2018.02.15-01.42.25:952][118]LogFactory: FactoryCreateFile: Texture2D with ReimportTextureFactory (0 0 C:/Users/CyberPower/Documents/GitHub/Mutiple-Game/MultaGames/Content/Game/Textures/GoldenRings.png)
[2018.02.15-01.42.25:980][118]LogEditorFactories: -- imported successfully
[2018.02.15-01.42.26:007][119]LogEditorFactories: Performing atomic reimport of [C:/Users/CyberPower/Documents/GitHub/Mutiple-Game/MultaGames/Content/Game/Textures/rings.png]
[2018.02.15-01.42.26:007][119]LogFactory: FactoryCreateFile: Texture2D with ReimportTextureFactory (0 0 C:/Users/CyberPower/Documents/GitHub/Mutiple-Game/MultaGames/Content/Game/Textures/rings.png)
[2018.02.15-01.42.26:110][119]LogEditorFactories: -- imported successfully
[2018.02.15-01.42.26:147][120]Cmd: OBJ SAVEPACKAGE PACKAGE="/Game/Game/Textures/GoldenRings" FILE="C:/Users/CyberPower/Documents/GitHub/Mutiple-Game/MultaGames/Content/Game/Textures/GoldenRings.uasset" SILENT=true
[2018.02.15-01.42.26:155][120]LogSavePackage: Save=6.39ms
[2018.02.15-01.42.26:155][120]LogSavePackage: Moving 'C:/Users/CyberPower/Documents/GitHub/Mutiple-Game/MultaGames/Saved/GoldenRings6CB8C3AC4B3EA63A64453B9F2EEA0BF1.tmp' to 'C:/Users/CyberPower/Documents/GitHub/Mutiple-Game/MultaGames/Content/Game/Textures/GoldenRings.uasset'
[2018.02.15-01.42.26:157][120]LogSavePackage: Display: Finished SavePackage C:/Users/CyberPower/Documents/GitHub/Mutiple-Game/MultaGames/Content/Game/Textures/GoldenRings.uasset
[2018.02.15-01.42.26:169][120]Cmd: OBJ SAVEPACKAGE PACKAGE="/Game/Game/Textures/rings" FILE="C:/Users/CyberPower/Documents/GitHub/Mutiple-Game/MultaGames/Content/Game/Textures/rings.uasset" SILENT=true
[2018.02.15-01.42.26:184][120]LogSavePackage: Save=13.59ms
[2018.02.15-01.42.26:184][120]LogSavePackage: Moving 'C:/Users/CyberPower/Documents/GitHub/Mutiple-Game/MultaGames/Saved/rings339CD55849B1C8085CE243A304533A48.tmp' to 'C:/Users/CyberPower/Documents/GitHub/Mutiple-Game/MultaGames/Content/Game/Textures/rings.uasset'
[2018.02.15-01.42.26:186][120]LogSavePackage: Display: Finished SavePackage C:/Users/CyberPower/Documents/GitHub/Mutiple-Game/MultaGames/Content/Game/Textures/rings.uasset
[2018.02.15-01.42.29:195][476]AssetReimport: Reimported asset GoldenRings from C:/Users/CyberPower/Documents/GitHub/Mutiple-Game/MultaGames/Content/Game/Textures/GoldenRings.png.
[2018.02.15-01.42.29:195][476]AssetReimport: Reimported asset rings from C:/Users/CyberPower/Documents/GitHub/Mutiple-Game/MultaGames/Content/Game/Textures/rings.png.
